root@duckie:/code/catkin_ws/src/dt-ros-commons/packages/test_package/src# rosrun test_package get_coordinates.py
[INFO] [1740590877.881676]: [/odometry_node] Initializing...
[INFO] [1740590877.991414]: [/odometry_node] Health status changed [STARTING] -> [STARTED]
[INFO] [1740590878.338138]: Right encoder resolution: 135
[INFO] [1740590878.340975]: Left encoder resolution: 135
[INFO] [1740590878.348904]: Right encoder type: 1
[INFO] [1740590878.375463]: Left encoder type: 1
[INFO] [1740590878.457437]: 0.0|0.0(X:30.00/Y:30.00) | Angle:0.0000 | Heading:0.0
[INFO] [1740590878.557319]: 0.0|0.0(X:30.00/Y:30.00) | Angle:0.0000 | Heading:0.0
[INFO] [1740590878.657338]: 0.0|0.0(X:30.00/Y:30.00) | Angle:0.0000 | Heading:0.0
[INFO] [1740590878.757334]: 0.0|0.0(X:30.00/Y:30.00) | Angle:0.0000 | Heading:0.0
[INFO] [1740590878.857302]: 0.0|0.0(X:30.00/Y:30.00) | Angle:0.0000 | Heading:0.0
[INFO] [1740590878.957363]: 0.0|0.0(X:30.00/Y:30.00) | Angle:0.0000 | Heading:0.0
[INFO] [1740590879.058849]: 0.0|0.0(X:30.00/Y:30.00) | Angle:0.0000 | Heading:0.0
[INFO] [1740590879.157357]: 0.0|0.0(X:30.00/Y:30.00) | Angle:0.0000 | Heading:0.0
[INFO] [1740590879.257898]: 0.0|0.0(X:30.00/Y:30.00) | Angle:0.0000 | Heading:0.0
[INFO] [1740590879.357893]: 0.0|0.0(X:30.00/Y:30.00) | Angle:0.0000 | Heading:0.0
[INFO] [1740590879.457980]: 0.0|0.0(X:30.00/Y:30.00) | Angle:0.0000 | Heading:0.0
[INFO] [1740590879.557287]: 0.0|0.0(X:30.00/Y:30.00) | Angle:0.0000 | Heading:0.0
[INFO] [1740590879.657753]: 0.0|0.0(X:30.00/Y:30.00) | Angle:0.0000 | Heading:0.0
[INFO] [1740590879.757340]: 0.0|0.0(X:30.00/Y:30.00) | Angle:0.0000 | Heading:0.0
[INFO] [1740590879.859831]: 0.0|0.0(X:30.00/Y:30.00) | Angle:0.0000 | Heading:0.0
[INFO] [1740590879.960830]: 0.0|0.0(X:30.00/Y:30.00) | Angle:0.0000 | Heading:0.0
[INFO] [1740590880.057542]: 0.0|0.0(X:30.00/Y:30.00) | Angle:0.0000 | Heading:0.0
[INFO] [1740590880.157332]: 0.0|0.0(X:30.00/Y:30.00) | Angle:0.0000 | Heading:0.0
[INFO] [1740590880.262276]: 0.0|0.0(X:30.00/Y:30.00) | Angle:0.0000 | Heading:0.0
[INFO] [1740590880.357315]: 0.0|0.0(X:30.00/Y:30.00) | Angle:0.0000 | Heading:0.0
[INFO] [1740590880.457797]: 0.0|0.0(X:30.00/Y:30.00) | Angle:0.0000 | Heading:0.0
[INFO] [1740590880.558476]: 0.0|0.0(X:30.44/Y:30.00) | Angle:0.0000 | Heading:0.0
[INFO] [1740590880.666337]: 0.0|0.0(X:31.11/Y:30.00) | Angle:0.0444 | Heading:0.0
[INFO] [1740590880.758257]: 0.0|0.0(X:32.29/Y:29.95) | Angle:0.0444 | Heading:0.0
^[^L[INFO] [1740590880.858359]: 0.0|0.0(X:33.99/Y:29.87) | Angle:6.2832 | Heading:0.0
[INFO] [1740590880.961990]: 0.0|0.0(X:35.55/Y:29.87) | Angle:6.2684 | Heading:0.0
[INFO] [1740590881.058676]: 0.0|0.0(X:37.18/Y:29.90) | Angle:6.2684 | Heading:0.0
[INFO] [1740590881.157842]: 0.0|0.0(X:38.88/Y:29.92) | Angle:6.2536 | Heading:0.0
[INFO] [1740590881.257526]: 0.0|0.0(X:40.65/Y:29.97) | Angle:6.2536 | Heading:0.0
[INFO] [1740590881.362472]: 0.0|0.0(X:42.43/Y:30.03) | Angle:6.2240 | Heading:0.0
[INFO] [1740590881.468863]: 0.0|0.0(X:43.91/Y:30.11) | Angle:6.1648 | Heading:0.0
[INFO] [1740590881.562243]: 0.0|0.0(X:46.04/Y:30.37) | Angle:6.2388 | Heading:0.0
[INFO] [1740590881.660170]: 0.0|0.0(X:47.51/Y:30.43) | Angle:6.1796 | Heading:0.0
[INFO] [1740590881.760395]: 0.0|0.0(X:49.72/Y:30.66) | Angle:6.2388 | Heading:0.0
[INFO] [1740590881.872518]: 0.0|0.0(X:51.64/Y:30.75) | Angle:6.2092 | Heading:0.0
[INFO] [1740590881.958066]: 0.0|0.0(X:53.49/Y:30.88) | Angle:6.1944 | Heading:0.0
[INFO] [1740590882.059471]: 0.0|0.0(X:55.19/Y:31.04) | Angle:6.1796 | Heading:0.0
[INFO] [1740590882.157439]: 0.0|0.0(X:56.88/Y:31.21) | Angle:6.1944 | Heading:0.0
[INFO] [1740590882.257873]: 0.0|0.0(X:58.35/Y:31.34) | Angle:6.2536 | Heading:0.0
[INFO] [1740590882.359660]: 1.0|0.0(X:60.57/Y:31.41) | Angle:6.1944 | Heading:0.0
[INFO] [1740590882.465745]: 1.0|0.0(X:62.49/Y:31.58) | Angle:6.2240 | Heading:0.0
[INFO] [1740590882.571658]: 1.0|0.0(X:64.41/Y:31.69) | Angle:6.2536 | Heading:0.0
[INFO] [1740590882.686144]: 1.0|0.0(X:66.33/Y:31.75) | Angle:0.1184 | Heading:0.0
[INFO] [1740590882.785753]: 1.0|0.0(X:67.95/Y:31.56) | Angle:0.0592 | Heading:0.0
[INFO] [1740590882.862320]: 1.0|0.0(X:69.87/Y:31.44) | Angle:0.0592 | Heading:0.0
[INFO] [1740590882.961410]: 1.0|0.0(X:72.16/Y:31.31) | Angle:6.2684 | Heading:0.0
[INFO] [1740590883.062289]: 1.0|0.0(X:73.42/Y:31.33) | Angle:0.1184 | Heading:0.0
[INFO] [1740590883.157471]: 1.0|0.0(X:75.70/Y:31.06) | Angle:0.0740 | Heading:0.0
[INFO] [1740590883.273943]: 1.0|0.0(X:77.32/Y:30.94) | Angle:0.0148 | Heading:0.0
[INFO] [1740590883.381193]: 1.0|0.0(X:78.80/Y:30.91) | Angle:6.2388 | Heading:0.0
[INFO] [1740590883.457673]: 1.0|0.0(X:81.24/Y:31.02) | Angle:6.2536 | Heading:0.0
[INFO] [1740590883.557434]: 1.0|0.0(X:83.31/Y:31.08) | Angle:0.0888 | Heading:0.0
[INFO] [1740590883.674842]: 1.0|0.0(X:85.15/Y:30.92) | Angle:0.1332 | Heading:0.0
[INFO] [1740590883.776409]: 1.0|0.0(X:86.99/Y:30.67) | Angle:0.2072 | Heading:0.39269908169872414
[INFO] [1740590883.861455]: 1.0|0.0(X:88.87/Y:30.28) | Angle:0.2664 | Heading:0.39269908169872414
[INFO] [1740590883.958838]: 1.0|0.0(X:90.65/Y:29.79) | Angle:0.3108 | Heading:0.39269908169872414
[INFO] [1740590884.063950]: 1.0|0.0(X:92.41/Y:29.22) | Angle:0.3552 | Heading:0.39269908169872414
[INFO] [1740590884.159102]: 1.0|0.0(X:93.94/Y:28.66) | Angle:0.4440 | Heading:0.39269908169872414
[INFO] [1740590884.259945]: 1.0|0.0(X:95.81/Y:27.77) | Angle:0.4440 | Heading:0.39269908169872414
[INFO] [1740590884.362077]: 1.0|0.0(X:97.55/Y:26.94) | Angle:0.4736 | Heading:0.39269908169872414
[INFO] [1740590884.466132]: 1.0|0.0(X:98.74/Y:26.33) | Angle:0.4736 | Heading:0.39269908169872414
[INFO] [1740590884.559110]: 1.0|0.0(X:100.38/Y:25.49) | Angle:0.3700 | Heading:0.39269908169872414
[INFO] [1740590884.658763]: 1.0|0.0(X:102.59/Y:24.63) | Angle:0.6364 | Heading:0.7853981633974483
[INFO] [1740590884.761644]: 1.0|0.0(X:104.02/Y:23.58) | Angle:0.5476 | Heading:0.39269908169872414
[INFO] [1740590884.858134]: 1.0|0.0(X:105.66/Y:22.58) | Angle:0.6068 | Heading:0.7853981633974483
[INFO] [1740590884.960756]: 1.0|0.0(X:107.36/Y:21.40) | Angle:0.7252 | Heading:0.7853981633974483
[INFO] [1740590885.067300]: 1.0|0.0(X:108.53/Y:20.36) | Angle:0.7400 | Heading:0.7853981633974483
[INFO] [1740590885.160098]: 1.0|0.0(X:109.62/Y:19.37) | Angle:0.7696 | Heading:0.7853981633974483
[INFO] [1740590885.260673]: 1.0|0.0(X:110.73/Y:18.29) | Angle:0.7844 | Heading:0.7853981633974483
[INFO] [1740590885.372175]: 1.0|0.0(X:111.73/Y:17.29) | Angle:0.8288 | Heading:0.7853981633974483
[INFO] [1740590885.462230]: 1.0|0.0(X:112.68/Y:16.26) | Angle:0.8436 | Heading:0.7853981633974483
[INFO] [1740590885.557491]: 1.0|0.0(X:113.57/Y:15.26) | Angle:0.8732 | Heading:0.7853981633974483
[INFO] [1740590885.664869]: 1.0|0.0(X:114.37/Y:14.30) | Angle:0.9472 | Heading:0.7853981633974483
[INFO] [1740590885.757484]: 1.0|0.0(X:115.28/Y:13.03) | Angle:0.9324 | Heading:0.7853981633974483
[INFO] [1740590885.857434]: 1.0|0.0(X:116.12/Y:11.91) | Angle:0.9768 | Heading:0.7853981633974483
[INFO] [1740590885.957472]: 1.0|0.0(X:116.95/Y:10.68) | Angle:1.0064 | Heading:1.1780972450961724
[INFO] [1740590886.057916]: 1.0|0.0(X:117.74/Y:9.43) | Angle:1.0656 | Heading:1.1780972450961724
[INFO] [1740590886.165257]: 1.0|0.0(X:118.42/Y:8.20) | Angle:1.0804 | Heading:1.1780972450961724
[INFO] [1740590886.258571]: 1.0|0.0(X:119.08/Y:6.96) | Angle:1.0952 | Heading:1.1780972450961724
[INFO] [1740590886.357474]: 1.0|0.0(X:119.66/Y:5.84) | Angle:1.1100 | Heading:1.1780972450961724
[INFO] [1740590886.459423]: 2.0|0.0(X:120.15/Y:4.85) | Angle:1.1544 | Heading:1.1780972450961724
[INFO] [1740590886.582960]: 2.0|0.0(X:120.81/Y:3.36) | Angle:1.1544 | Heading:1.1780972450961724
[INFO] [1740590886.659582]: 2.0|0.0(X:121.20/Y:2.48) | Angle:1.1692 | Heading:1.1780972450961724
[INFO] [1740590886.763129]: 2.0|0.0(X:121.69/Y:1.32) | Angle:1.0952 | Heading:1.1780972450961724
[INFO] [1740590886.857901]: 2.0|-1.0(X:122.47/Y:-0.19) | Angle:1.1692 | Heading:1.1780972450961724
[INFO] [1740590886.958869]: 2.0|-1.0(X:123.05/Y:-1.56) | Angle:1.1988 | Heading:1.1780972450961724
[INFO] [1740590887.057460]: 2.0|-1.0(X:123.56/Y:-2.87) | Angle:1.2432 | Heading:1.1780972450961724
[INFO] [1740590887.166298]: 2.0|-1.0(X:124.01/Y:-4.20) | Angle:1.2580 | Heading:1.1780972450961724
[INFO] [1740590887.264604]: 2.0|-1.0(X:124.44/Y:-5.54) | Angle:1.3024 | Heading:1.1780972450961724
[INFO] [1740590887.357802]: 2.0|-1.0(X:124.82/Y:-6.89) | Angle:1.3172 | Heading:1.1780972450961724
[INFO] [1740590887.457422]: 2.0|-1.0(X:125.11/Y:-8.04) | Angle:1.2876 | Heading:1.1780972450961724
[INFO] [1740590887.557443]: 2.0|-1.0(X:125.55/Y:-9.53) | Angle:1.3616 | Heading:1.1780972450961724
[INFO] [1740590887.658043]: 2.0|-1.0(X:125.79/Y:-10.69) | Angle:1.3616 | Heading:1.1780972450961724
[INFO] [1740590887.778647]: 2.0|-1.0(X:126.01/Y:-11.70) | Angle:1.4208 | Heading:1.5707963267948966
[INFO] [1740590887.865663]: 2.0|-1.0(X:126.16/Y:-12.73) | Angle:1.4208 | Heading:1.5707963267948966
[INFO] [1740590888.002634]: 2.0|-1.0(X:126.42/Y:-14.41) | Angle:1.4356 | Heading:1.5707963267948966
[INFO] [1740590888.066683]: 2.0|-1.0(X:126.56/Y:-15.44) | Angle:1.4060 | Heading:1.5707963267948966
[INFO] [1740590888.162798]: 2.0|-1.0(X:126.74/Y:-16.53) | Angle:1.4504 | Heading:1.5707963267948966
[INFO] [1740590888.261316]: 2.0|-1.0(X:126.93/Y:-18.07) | Angle:1.4356 | Heading:1.5707963267948966
[INFO] [1740590888.361446]: 2.0|-1.0(X:127.09/Y:-19.25) | Angle:1.4652 | Heading:1.5707963267948966
[INFO] [1740590888.457379]: 2.0|-1.0(X:127.22/Y:-20.50) | Angle:1.4504 | Heading:1.5707963267948966
[INFO] [1740590888.561404]: 2.0|-1.0(X:127.32/Y:-21.31) | Angle:1.4652 | Heading:1.5707963267948966
[INFO] [1740590888.669624]: 2.0|-1.0(X:127.48/Y:-22.85) | Angle:1.4800 | Heading:1.5707963267948966
[INFO] [1740590888.769362]: 2.0|-1.0(X:127.59/Y:-24.03) | Angle:1.4800 | Heading:1.5707963267948966
[INFO] [1740590888.859150]: 2.0|-1.0(X:127.71/Y:-25.36) | Angle:1.4800 | Heading:1.5707963267948966
[INFO] [1740590888.961029]: 2.0|-1.0(X:127.82/Y:-26.61) | Angle:1.4652 | Heading:1.5707963267948966
[INFO] [1740590889.059068]: 2.0|-1.0(X:127.92/Y:-27.57) | Angle:1.5096 | Heading:1.5707963267948966
[INFO] [1740590889.159793]: 2.0|-1.0(X:128.02/Y:-29.19) | Angle:1.4504 | Heading:1.5707963267948966
[INFO] [1740590889.258797]: 2.0|-1.0(X:128.16/Y:-30.29) | Angle:1.4652 | Heading:1.5707963267948966
[INFO] [1740590889.361405]: 2.0|-1.0(X:128.27/Y:-31.32) | Angle:1.4948 | Heading:1.5707963267948966
[INFO] [1740590889.464334]: 2.0|-1.0(X:128.36/Y:-32.58) | Angle:1.4504 | Heading:1.5707963267948966
[INFO] [1740590889.642945]: 2.0|-1.0(X:128.47/Y:-33.46) | Angle:1.4800 | Heading:1.5707963267948966
[INFO] [1740590889.758218]: 2.0|-1.0(X:128.64/Y:-35.30) | Angle:1.6132 | Heading:1.5707963267948966
[INFO] [1740590889.857504]: 2.0|-1.0(X:128.55/Y:-37.37) | Angle:1.4356 | Heading:1.5707963267948966
[INFO] [1740590889.964686]: 2.0|-1.0(X:128.70/Y:-38.47) | Angle:1.4800 | Heading:1.5707963267948966
[INFO] [1740590890.067095]: 2.0|-1.0(X:128.81/Y:-39.73) | Angle:1.4652 | Heading:1.5707963267948966
[INFO] [1740590890.163962]: 2.0|-1.0(X:128.94/Y:-40.98) | Angle:1.3912 | Heading:1.5707963267948966
[INFO] [1740590890.261276]: 2.0|-1.0(X:129.19/Y:-42.36) | Angle:1.4060 | Heading:1.5707963267948966
[INFO] [1740590890.378256]: 2.0|-1.0(X:129.39/Y:-43.53) | Angle:1.4060 | Heading:1.5707963267948966
[INFO] [1740590890.464106]: 2.0|-1.0(X:129.59/Y:-44.77) | Angle:1.4208 | Heading:1.5707963267948966
[INFO] [1740590890.557424]: 2.0|-1.0(X:129.74/Y:-45.72) | Angle:1.4652 | Heading:1.5707963267948966
[INFO] [1740590890.658371]: 2.0|-1.0(X:129.87/Y:-46.97) | Angle:1.4800 | Heading:1.5707963267948966
[INFO] [1740590890.757396]: 2.0|-1.0(X:129.99/Y:-48.30) | Angle:1.4208 | Heading:1.5707963267948966
[INFO] [1740590890.857708]: 2.0|-1.0(X:130.16/Y:-49.40) | Angle:1.4356 | Heading:1.5707963267948966
[INFO] [1740590890.963100]: 2.0|-1.0(X:130.31/Y:-50.49) | Angle:1.4208 | Heading:1.5707963267948966
[INFO] [1740590891.079180]: 2.0|-1.0(X:130.46/Y:-51.52) | Angle:1.4208 | Heading:1.5707963267948966
[INFO] [1740590891.158939]: 2.0|-1.0(X:130.62/Y:-52.54) | Angle:1.4208 | Heading:1.5707963267948966
[INFO] [1740590891.268601]: 2.0|-1.0(X:130.78/Y:-53.64) | Angle:1.4060 | Heading:1.5707963267948966
[INFO] [1740590891.357665]: 2.0|-1.0(X:130.95/Y:-54.66) | Angle:1.4652 | Heading:1.5707963267948966
[INFO] [1740590891.457643]: 2.0|-1.0(X:131.09/Y:-55.91) | Angle:1.4504 | Heading:1.5707963267948966
[INFO] [1740590891.565642]: 2.0|-1.0(X:131.24/Y:-57.16) | Angle:1.4652 | Heading:1.5707963267948966
[INFO] [1740590891.660120]: 2.0|-1.0(X:131.38/Y:-58.56) | Angle:1.4504 | Heading:1.5707963267948966
[INFO] [1740590891.760283]: 2.0|-1.0(X:131.54/Y:-59.88) | Angle:1.3616 | Heading:1.1780972450961724
[INFO] [1740590891.859905]: 2.0|-2.0(X:131.87/Y:-61.40) | Angle:1.4060 | Heading:1.5707963267948966
[INFO] [1740590891.958848]: 2.0|-2.0(X:132.05/Y:-62.50) | Angle:1.4504 | Heading:1.5707963267948966
[INFO] [1740590892.057510]: 2.0|-2.0(X:132.21/Y:-63.82) | Angle:1.4504 | Heading:1.5707963267948966
[INFO] [1740590892.163036]: 2.0|-2.0(X:132.36/Y:-65.07) | Angle:1.4356 | Heading:1.5707963267948966
[INFO] [1740590892.258972]: 2.0|-2.0(X:132.50/Y:-66.10) | Angle:1.4060 | Heading:1.5707963267948966
[INFO] [1740590892.357402]: 2.0|-2.0(X:132.73/Y:-67.48) | Angle:1.4504 | Heading:1.5707963267948966
[INFO] [1740590892.458388]: 2.0|-2.0(X:132.86/Y:-68.59) | Angle:1.4356 | Heading:1.5707963267948966
[INFO] [1740590892.557528]: 2.0|-2.0(X:133.04/Y:-69.91) | Angle:1.4060 | Heading:1.5707963267948966
[INFO] [1740590892.660862]: 2.0|-2.0(X:133.16/Y:-70.64) | Angle:1.4356 | Heading:1.5707963267948966
[INFO] [1740590892.861393]: 2.0|-2.0(X:133.51/Y:-73.20) | Angle:1.4208 | Heading:1.5707963267948966
[INFO] [1740590892.957501]: 2.0|-2.0(X:133.72/Y:-74.59) | Angle:1.4356 | Heading:1.5707963267948966
[INFO] [1740590893.059365]: 2.0|-2.0(X:133.91/Y:-75.99) | Angle:1.3912 | Heading:1.5707963267948966
[INFO] [1740590893.157415]: 2.0|-2.0(X:134.18/Y:-77.44) | Angle:1.3320 | Heading:1.1780972450961724
[INFO] [1740590893.258151]: 2.0|-2.0(X:134.42/Y:-78.45) | Angle:1.3024 | Heading:1.1780972450961724
[INFO] [1740590893.374100]: 2.0|-2.0(X:134.80/Y:-79.80) | Angle:1.1396 | Heading:1.1780972450961724
[INFO] [1740590893.461048]: 2.0|-2.0(X:135.14/Y:-80.54) | Angle:1.0064 | Heading:1.1780972450961724
[INFO] [1740590893.578192]: 2.0|-2.0(X:135.41/Y:-80.98) | Angle:0.9028 | Heading:0.7853981633974483
[INFO] [1740590893.659088]: 2.0|-2.0(X:136.01/Y:-81.74) | Angle:0.7104 | Heading:0.7853981633974483
[INFO] [1740590893.773865]: 2.0|-2.0(X:136.96/Y:-82.56) | Angle:0.4588 | Heading:0.39269908169872414
[INFO] [1740590893.857790]: 2.0|-2.0(X:137.82/Y:-82.98) | Angle:0.2664 | Heading:0.39269908169872414
[INFO] [1740590893.963837]: 2.0|-2.0(X:138.68/Y:-83.22) | Angle:0.0888 | Heading:0.0
[INFO] [1740590894.058321]: 2.0|-2.0(X:139.86/Y:-83.32) | Angle:6.2240 | Heading:0.0
[INFO] [1740590894.199672]: 2.0|-2.0(X:141.19/Y:-83.24) | Angle:6.1352 | Heading:0.0
[INFO] [1740590894.257386]: 2.0|-2.0(X:141.92/Y:-83.13) | Angle:6.1648 | Heading:0.0
[INFO] [1740590894.362703]: 2.0|-2.0(X:144.49/Y:-82.83) | Angle:6.0908 | Heading:0.0
[INFO] [1740590894.457883]: 2.0|-2.0(X:146.24/Y:-82.49) | Angle:6.1204 | Heading:0.0
[INFO] [1740590894.561714]: 2.0|-2.0(X:148.21/Y:-82.16) | Angle:6.1648 | Heading:0.0
[INFO] [1740590894.658287]: 2.0|-2.0(X:149.90/Y:-81.96) | Angle:6.1500 | Heading:0.0
[INFO] [1740590894.758613]: 2.0|-2.0(X:152.03/Y:-81.68) | Angle:6.2536 | Heading:0.0
[INFO] [1740590894.858971]: 2.0|-2.0(X:154.02/Y:-81.62) | Angle:0.0148 | Heading:0.0
[INFO] [1740590894.966706]: 2.0|-2.0(X:155.73/Y:-81.64) | Angle:0.1184 | Heading:0.0
[INFO] [1740590895.057785]: 2.0|-2.0(X:157.64/Y:-81.87) | Angle:0.1480 | Heading:0.0
[INFO] [1740590895.157425]: 2.0|-2.0(X:159.83/Y:-82.20) | Angle:0.0888 | Heading:0.0
[INFO] [1740590895.257443]: 2.0|-2.0(X:161.45/Y:-82.34) | Angle:0.1776 | Heading:0.0
[INFO] [1740590895.367578]: 2.0|-2.0(X:163.57/Y:-82.72) | Angle:0.1036 | Heading:0.0
[INFO] [1740590895.457468]: 2.0|-2.0(X:164.82/Y:-82.85) | Angle:0.2368 | Heading:0.39269908169872414
[INFO] [1740590895.562209]: 2.0|-2.0(X:167.26/Y:-83.44) | Angle:0.1776 | Heading:0.0
[INFO] [1740590895.676839]: 2.0|-2.0(X:169.59/Y:-83.86) | Angle:0.0888 | Heading:0.0
[INFO] [1740590895.763583]: 2.0|-2.0(X:171.58/Y:-84.04) | Angle:0.1036 | Heading:0.0
[INFO] [1740590895.858113]: 2.0|-2.0(X:173.64/Y:-84.25) | Angle:0.1036 | Heading:0.0
[INFO] [1740590895.958816]: 2.0|-2.0(X:175.71/Y:-84.47) | Angle:0.1036 | Heading:0.0
[INFO] [1740590896.058617]: 2.0|-2.0(X:177.32/Y:-84.64) | Angle:0.1924 | Heading:0.0
[INFO] [1740590896.166368]: 2.0|-2.0(X:179.58/Y:-85.07) | Angle:0.1184 | Heading:0.0
[INFO] [1740590896.258173]: 3.0|-2.0(X:180.83/Y:-85.22) | Angle:0.1332 | Heading:0.0
[INFO] [1740590896.362209]: 3.0|-2.0(X:182.51/Y:-85.45) | Angle:0.0592 | Heading:0.0
[INFO] [1740590896.466688]: 3.0|-2.0(X:184.66/Y:-85.58) | Angle:0.1332 | Heading:0.0
[INFO] [1740590896.560004]: 3.0|-2.0(X:187.37/Y:-85.94) | Angle:0.1480 | Heading:0.0
[INFO] [1740590896.657799]: 3.0|-2.0(X:188.98/Y:-86.18) | Angle:0.2072 | Heading:0.39269908169872414
[INFO] [1740590896.757362]: 3.0|-2.0(X:191.22/Y:-86.65) | Angle:0.1332 | Heading:0.0
[INFO] [1740590896.859451]: 3.0|-2.0(X:192.98/Y:-86.89) | Angle:0.1924 | Heading:0.0
[INFO] [1740590896.957390]: 3.0|-2.0(X:195.38/Y:-87.35) | Angle:0.1184 | Heading:0.0
[INFO] [1740590897.074174]: 3.0|-2.0(X:197.37/Y:-87.59) | Angle:0.1036 | Heading:0.0
[INFO] [1740590897.158860]: 3.0|-2.0(X:199.06/Y:-87.77) | Angle:0.1776 | Heading:0.0
[INFO] [1740590897.267481]: 3.0|-2.0(X:200.66/Y:-88.05) | Angle:0.0888 | Heading:0.0
[INFO] [1740590897.379640]: 3.0|-2.0(X:201.62/Y:-88.14) | Angle:0.1332 | Heading:0.0
[INFO] [1740590897.462638]: 3.0|-2.0(X:204.92/Y:-88.58) | Angle:0.0592 | Heading:0.0
[INFO] [1740590897.563730]: 3.0|-2.0(X:206.40/Y:-88.67) | Angle:0.0592 | Heading:0.0
[INFO] [1740590897.659803]: 3.0|-2.0(X:207.43/Y:-88.73) | Angle:0.0888 | Heading:0.0
[INFO] [1740590897.757362]: 3.0|-2.0(X:208.54/Y:-88.83) | Angle:0.1036 | Heading:0.0
[INFO] [1740590897.862928]: 3.0|-2.0(X:209.79/Y:-88.96) | Angle:0.0592 | Heading:0.0
[INFO] [1740590897.959784]: 3.0|-2.0(X:210.67/Y:-89.01) | Angle:0.0888 | Heading:0.0
[INFO] [1740590898.057366]: 3.0|-2.0(X:211.78/Y:-89.11) | Angle:0.0444 | Heading:0.0
[INFO] [1740590898.157429]: 3.0|-2.0(X:212.67/Y:-89.15) | Angle:0.0740 | Heading:0.0
[INFO] [1740590898.258329]: 3.0|-2.0(X:213.70/Y:-89.23) | Angle:0.0740 | Heading:0.0
[INFO] [1740590898.369232]: 3.0|-2.0(X:214.73/Y:-89.30) | Angle:0.0740 | Heading:0.0
[INFO] [1740590898.458379]: 3.0|-2.0(X:215.77/Y:-89.38) | Angle:0.0740 | Heading:0.0
[INFO] [1740590898.564955]: 3.0|-2.0(X:216.43/Y:-89.43) | Angle:6.2832 | Heading:0.0
[INFO] [1740590898.657464]: 3.0|-2.0(X:217.84/Y:-89.43) | Angle:0.0148 | Heading:0.0
[INFO] [1740590898.765321]: 3.0|-2.0(X:218.73/Y:-89.44) | Angle:0.0148 | Heading:0.0
[INFO] [1740590898.858790]: 3.0|-2.0(X:219.61/Y:-89.45) | Angle:0.0148 | Heading:0.0
[INFO] [1740590898.957445]: 3.0|-2.0(X:220.35/Y:-89.47) | Angle:6.2684 | Heading:0.0
[INFO] [1740590899.060931]: 3.0|-2.0(X:221.24/Y:-89.45) | Angle:0.0444 | Heading:0.0
[INFO] [1740590899.158058]: 3.0|-2.0(X:221.98/Y:-89.49) | Angle:0.0444 | Heading:0.0
[INFO] [1740590899.261049]: 3.0|-2.0(X:222.94/Y:-89.53) | Angle:0.0296 | Heading:0.0
[INFO] [1740590899.360650]: 3.0|-2.0(X:223.53/Y:-89.55) | Angle:0.0592 | Heading:0.0
[INFO] [1740590899.457401]: 3.0|-2.0(X:224.42/Y:-89.60) | Angle:0.0296 | Heading:0.0
[INFO] [1740590899.561161]: 3.0|-2.0(X:225.16/Y:-89.62) | Angle:0.0296 | Heading:0.0
[INFO] [1740590899.661523]: 3.0|-2.0(X:225.68/Y:-89.64) | Angle:0.0444 | Heading:0.0
[INFO] [1740590899.758241]: 3.0|-2.0(X:226.64/Y:-89.68) | Angle:6.2832 | Heading:0.0
[INFO] [1740590899.870090]: 3.0|-2.0(X:227.53/Y:-89.68) | Angle:0.0296 | Heading:0.0
[INFO] [1740590899.965858]: 3.0|-2.0(X:228.19/Y:-89.70) | Angle:0.0740 | Heading:0.0
[INFO] [1740590900.057425]: 3.0|-2.0(X:229.08/Y:-89.76) | Angle:0.0444 | Heading:0.0
[INFO] [1740590900.157393]: 3.0|-2.0(X:229.89/Y:-89.80) | Angle:0.0888 | Heading:0.0
[INFO] [1740590900.364620]: 3.0|-2.0(X:230.78/Y:-89.88) | Angle:0.0888 | Heading:0.0
[INFO] [1740590900.458126]: 3.0|-2.0(X:233.06/Y:-90.08) | Angle:0.0444 | Heading:0.0
[INFO] [1740590900.567142]: 3.0|-2.0(X:234.24/Y:-90.13) | Angle:0.0444 | Heading:0.0
[INFO] [1740590900.661100]: 3.0|-2.0(X:235.50/Y:-90.19) | Angle:0.0296 | Heading:0.0
[INFO] [1740590900.757399]: 3.0|-2.0(X:236.61/Y:-90.22) | Angle:0.0740 | Heading:0.0
[INFO] [1740590900.857366]: 3.0|-2.0(X:238.09/Y:-90.33) | Angle:0.0148 | Heading:0.0
[INFO] [1740590900.957787]: 3.0|-2.0(X:239.34/Y:-90.35) | Angle:6.2832 | Heading:0.0
[INFO] [1740590901.073586]: 4.0|-2.0(X:240.08/Y:-90.35) | Angle:6.2832 | Heading:0.0
[INFO] [1740590901.164870]: 4.0|-2.0(X:241.79/Y:-90.35) | Angle:6.2684 | Heading:0.0
[INFO] [1740590901.257445]: 4.0|-2.0(X:242.75/Y:-90.34) | Angle:6.2832 | Heading:0.0
[INFO] [1740590901.357476]: 4.0|-2.0(X:244.01/Y:-90.34) | Angle:6.2092 | Heading:0.0
[INFO] [1740590901.457545]: 4.0|-2.0(X:244.89/Y:-90.27) | Angle:6.2092 | Heading:0.0
[INFO] [1740590901.557387]: 4.0|-2.0(X:245.85/Y:-90.20) | Angle:6.1944 | Heading:0.0
[INFO] [1740590901.658624]: 4.0|-2.0(X:246.96/Y:-90.10) | Angle:6.1500 | Heading:0.0
[INFO] [1740590901.757446]: 4.0|-2.0(X:247.91/Y:-89.97) | Angle:6.1352 | Heading:0.0
[INFO] [1740590901.866522]: 4.0|-2.0(X:248.64/Y:-89.86) | Angle:6.1648 | Heading:0.0
[INFO] [1740590901.957428]: 4.0|-2.0(X:249.67/Y:-89.74) | Angle:6.1352 | Heading:0.0
[INFO] [1740590902.065058]: 4.0|-2.0(X:250.84/Y:-89.57) | Angle:6.0760 | Heading:5.890486225480862
[INFO] [1740590902.161843]: 4.0|-2.0(X:251.71/Y:-89.39) | Angle:6.0760 | Heading:5.890486225480862
[INFO] [1740590902.272979]: 4.0|-2.0(X:252.65/Y:-89.19) | Angle:6.0020 | Heading:5.890486225480862
[INFO] [1740590902.357427]: 4.0|-2.0(X:253.93/Y:-88.82) | Angle:6.0020 | Heading:5.890486225480862
[INFO] [1740590902.458318]: 4.0|-2.0(X:255.00/Y:-88.51) | Angle:5.9872 | Heading:5.890486225480862
[INFO] [1740590902.560182]: 4.0|-2.0(X:256.27/Y:-88.12) | Angle:5.9576 | Heading:5.890486225480862
[INFO] [1740590902.658641]: 4.0|-2.0(X:257.39/Y:-87.74) | Angle:5.8984 | Heading:5.890486225480862
[INFO] [1740590902.757427]: 4.0|-2.0(X:258.08/Y:-87.46) | Angle:5.7800 | Heading:5.890486225480862
[INFO] [1740590902.861727]: 4.0|-2.0(X:258.79/Y:-87.07) | Angle:5.6468 | Heading:5.497787143782138
[INFO] [1740590902.957461]: 4.0|-2.0(X:259.15/Y:-86.81) | Angle:5.5580 | Heading:5.497787143782138
[INFO] [1740590903.059683]: 4.0|-2.0(X:259.37/Y:-86.61) | Angle:5.4988 | Heading:5.497787143782138
[INFO] [1740590903.162059]: 4.0|-2.0(X:259.53/Y:-86.45) | Angle:5.4544 | Heading:5.497787143782138
[INFO] [1740590903.257406]: 4.0|-2.0(X:259.73/Y:-86.24) | Angle:5.3952 | Heading:5.497787143782138
[INFO] [1740590903.357988]: 4.0|-2.0(X:259.92/Y:-86.01) | Angle:5.3360 | Heading:5.497787143782138
[INFO] [1740590903.458362]: 4.0|-2.0(X:260.00/Y:-85.89) | Angle:5.3064 | Heading:5.497787143782138
[INFO] [1740590903.557736]: 4.0|-2.0(X:260.04/Y:-85.83) | Angle:5.2916 | Heading:5.105088062083414
[INFO] [1740590903.660968]: 4.0|-2.0(X:260.08/Y:-85.76) | Angle:5.2768 | Heading:5.105088062083414
[INFO] [1740590903.758708]: 4.0|-2.0(X:260.08/Y:-85.76) | Angle:5.2768 | Heading:5.105088062083414
[INFO] [1740590903.858263]: 4.0|-2.0(X:260.08/Y:-85.76) | Angle:5.2768 | Heading:5.105088062083414
[INFO] [1740590903.957453]: 4.0|-2.0(X:260.08/Y:-85.76) | Angle:5.2768 | Heading:5.105088062083414
[INFO] [1740590904.058114]: 4.0|-2.0(X:260.88/Y:-84.51) | Angle:5.1880 | Heading:5.105088062083414
[INFO] [1740590904.188908]: 4.0|-2.0(X:262.16/Y:-82.01) | Angle:5.2176 | Heading:5.105088062083414
[INFO] [1740590904.260516]: 4.0|-2.0(X:263.06/Y:-80.39) | Angle:5.1732 | Heading:5.105088062083414
[INFO] [1740590904.357418]: 4.0|-2.0(X:264.24/Y:-78.01) | Angle:5.2620 | Heading:5.105088062083414
[INFO] [1740590904.459852]: 4.0|-2.0(X:266.45/Y:-74.41) | Angle:5.0696 | Heading:5.105088062083414
[INFO] [1740590904.557871]: 4.0|-2.0(X:267.38/Y:-71.92) | Angle:5.2768 | Heading:5.105088062083414
[INFO] [1740590904.659108]: 4.0|-2.0(X:269.12/Y:-69.16) | Angle:5.4544 | Heading:5.497787143782138
[INFO] [1740590904.760006]: 4.0|-2.0(X:271.47/Y:-66.60) | Angle:5.5876 | Heading:5.497787143782138
[INFO] [1740590904.858215]: 4.0|-2.0(X:273.68/Y:-64.75) | Angle:5.8688 | Heading:5.890486225480862
[INFO] [1740590904.967658]: 4.0|-2.0(X:276.39/Y:-63.56) | Angle:5.8984 | Heading:5.890486225480862
[INFO] [1740590905.058041]: 4.0|-2.0(X:279.41/Y:-62.34) | Angle:5.8984 | Heading:5.890486225480862
[INFO] [1740590905.157940]: 4.0|-2.0(X:282.22/Y:-61.20) | Angle:5.9428 | Heading:5.890486225480862
[INFO] [1740590905.257638]: 4.0|-1.0(X:285.71/Y:-59.96) | Angle:5.7948 | Heading:5.890486225480862
[INFO] [1740590905.359076]: 4.0|-1.0(X:288.33/Y:-58.57) | Angle:5.7652 | Heading:5.890486225480862
[INFO] [1740590905.458499]: 4.0|-1.0(X:290.96/Y:-57.07) | Angle:5.7504 | Heading:5.890486225480862
[INFO] [1740590905.557406]: 4.0|-1.0(X:293.77/Y:-55.42) | Angle:5.7504 | Heading:5.890486225480862
[INFO] [1740590905.662308]: 4.0|-1.0(X:296.19/Y:-53.99) | Angle:5.7504 | Heading:5.890486225480862
[INFO] [1740590905.757788]: 4.0|-1.0(X:298.93/Y:-52.37) | Angle:5.7356 | Heading:5.890486225480862
[INFO] [1740590905.862488]: 5.0|-1.0(X:301.65/Y:-50.72) | Angle:5.6320 | Heading:5.497787143782138
[INFO] [1740590905.966923]: 5.0|-1.0(X:304.12/Y:-48.83) | Angle:5.5432 | Heading:5.497787143782138
[INFO] [1740590906.057482]: 5.0|-1.0(X:305.98/Y:-47.13) | Angle:5.4248 | Heading:5.497787143782138
[INFO] [1740590906.158431]: 5.0|-1.0(X:307.62/Y:-45.23) | Angle:5.3952 | Heading:5.497787143782138
[INFO] [1740590906.261273]: 5.0|-1.0(X:308.93/Y:-43.62) | Angle:5.2768 | Heading:5.105088062083414
[INFO] [1740590906.357458]: 5.0|-1.0(X:311.54/Y:-39.50) | Angle:4.9808 | Heading:5.105088062083414
[INFO] [1740590906.458268]: 5.0|-1.0(X:312.35/Y:-36.57) | Angle:4.7587 | Heading:4.71238898038469
[INFO] [1740590906.557399]: 5.0|-1.0(X:312.48/Y:-33.61) | Angle:4.5515 | Heading:4.71238898038469
[INFO] [1740590906.658202]: 5.0|-1.0(X:311.99/Y:-30.55) | Angle:4.3147 | Heading:4.319689898685965
[INFO] [1740590906.757493]: 5.0|-1.0(X:311.07/Y:-28.36) | Angle:4.2555 | Heading:4.319689898685965
[INFO] [1740590906.861210]: 5.0|-1.0(X:309.70/Y:-25.57) | Angle:4.1371 | Heading:4.319689898685965
[INFO] [1740590906.966452]: 5.0|-1.0(X:307.80/Y:-22.65) | Angle:4.0631 | Heading:3.9269908169872414
^C[INFO] [1740590907.033931]: [/odometry_node] Received shutdown request.
